
> ai-workshop@0.1.0 build
> next build

   ▲ Next.js 15.4.7

   Creating an optimized production build ...
Failed to compile.

./app/tools/page.tsx
Error:   [31mx[0m Expression expected
     ,-[[36;1;4m/home/engine/project/app/tools/page.tsx[0m:237:1]
 [2m234[0m |                     </p>
 [2m235[0m |                   </div>
 [2m236[0m |                   </div>
 [2m237[0m |                   <p className="text-muted-foreground text-base sm:text-lg">
     : [35;1m                  ^[0m
 [2m238[0m |                     {category.description}
 [2m239[0m |                   </p>
 [2m240[0m |                 </div>
     `----
  [31mx[0m Expected '</', got 'className'
     ,-[[36;1;4m/home/engine/project/app/tools/page.tsx[0m:237:1]
 [2m234[0m |                     </p>
 [2m235[0m |                   </div>
 [2m236[0m |                   </div>
 [2m237[0m |                   <p className="text-muted-foreground text-base sm:text-lg">
     : [35;1m                     ^^^^^^^^^[0m
 [2m238[0m |                     {category.description}
 [2m239[0m |                   </p>
 [2m240[0m |                 </div>
     `----

Caused by:
    Syntax Error

Import trace for requested module:
./app/tools/page.tsx


> Build failed because of webpack errors
